==30854== Memcheck, a memory error detector
==30854== Copyright (C) 2002-2017, and GNU GPL'd, by Julian Seward et al.
==30854== Using Valgrind-3.18.1 and LibVEX; rerun with -h for copyright info
==30854== Command: ./webserv 123
==30854== Parent PID: 30853
==30854== 
==30854== 
==30854== FILE DESCRIPTORS: 8 open (3 std) at exit.
==30854== Open file descriptor 25: /home/jcy/.vscode-server/data/logs/20240903T184748/network.log
==30854==    <inherited from parent>
==30854== 
==30854== Open file descriptor 24: /home/jcy/.vscode-server/data/logs/20240903T184748/remoteagent.log
==30854==    <inherited from parent>
==30854== 
==30854== Open file descriptor 20: /home/jcy/.vscode-server/data/logs/20240903T184748/ptyhost.log
==30854==    <inherited from parent>
==30854== 
==30854== Open file descriptor 18: /dev/urandom
==30854==    <inherited from parent>
==30854== 
==30854== Open file descriptor 3: /home/jcy/42/ws/valgr.out
==30854==    <inherited from parent>
==30854== 
==30854== 
==30854== HEAP SUMMARY:
==30854==     in use at exit: 0 bytes in 0 blocks
==30854==   total heap usage: 30 allocs, 30 frees, 80,435 bytes allocated
==30854== 
==30854== All heap blocks were freed -- no leaks are possible
==30854== 
==30854== ERROR SUMMARY: 0 errors from 0 contexts (suppressed: 0 from 0)
